2022-05-29T16:25:40.578Z [store-api] error POST  - Name, CPF, Phone, Email and Address are obligated
2022-05-29T17:08:33.590Z [store-api] error POST  - Name, CPF, Phone, Email and Address are obligated
2022-05-29T17:08:47.689Z [store-api] error POST  - Name, CPF, Phone, Email and Address are obligated
2022-05-29T17:09:01.536Z [store-api] error POST  - Name, CPF, Phone, Email and Address are obligated
2022-05-29T17:09:37.534Z [store-api] info POST /client - {"name":"João","cpf":"23509918061","phone":"3198986655","email":"joao@gmail.com","address":"Rua X, n 100"}
2022-05-29T17:10:30.502Z [store-api] info POST /client - {"name":"João","cpf":"23509918061","phone":"3198986655","email":"joao@gmail.com","address":"Rua X, n 100"}
2022-05-29T17:12:48.767Z [store-api] info POST /client - {"name":"João","cpf":"23509918061","phone":"3198986655","email":"joao@gmail.com","address":"Rua X, n 100"}
2022-05-29T17:17:10.677Z [store-api] info POST /client - {"name":"João","cpf":"23509918061","phone":"3198986655","email":"joao@gmail.com","address":"Rua X, n 100"}
2022-05-29T17:22:13.081Z [store-api] info POST /client - {"name":"João","cpf":"23509918061","phone":"3198986655","email":"joao@gmail.com","address":"Rua X, n 100"}
2022-05-29T17:27:44.958Z [store-api] info POST /client - {"name":"João","cpf":"23509918061","phone":"3198986655","email":"joao@gmail.com","address":"Rua X, n 100"}
2022-05-29T17:28:13.289Z [store-api] info POST /client - {"name":"João","cpf":"23509918061","phone":"3198986655","email":"joao@gmail.com","address":"Rua X, n 100"}
2022-05-29T17:30:09.164Z [store-api] info POST /client - {"name":"João","cpf":"23509918061","phone":"3198986655","email":"joao@gmail.com","address":"Rua X, n 100"}
2022-05-29T17:31:29.350Z [store-api] info POST /client - {"name":"João","cpf":"23509918061","phone":"3198986655","email":"joao@gmail.com","address":"Rua X, n 100"}
2022-05-29T17:34:31.038Z [store-api] info POST /client - {"name":"João","cpf":"23509918061","phone":"3198986655","email":"joao@gmail.com","address":"Rua X, n 100"}
2022-05-29T17:36:16.802Z [store-api] info POST /client - {"name":"João","cpf":"23509918061","phone":"3198986655","email":"joao@gmail.com","address":"Rua X, n 100"}
2022-05-29T17:36:33.679Z [store-api] info POST /client - {"name":"João","cpf":"23509918061","phone":"3198986655","email":"joao@gmail.com","address":"Rua X, n 100"}
2022-05-29T17:36:34.565Z [store-api] error POST  - column "address" of relation "clients" does not exist
2022-05-29T17:40:11.270Z [store-api] info POST /client - {"name":"João","cpf":"23509918061","phone":"3198986655","email":"joao@gmail.com","address":"Rua X, n 100"}
2022-05-29T17:50:27.315Z [store-api] info POST /client - {"name":"João","cpf":"23509918061","phone":"3198986655","email":"joao@gmail.com","address":"Rua X, n 100"}
2022-05-29T18:02:22.708Z [store-api] info GET /client
2022-05-29T23:01:31.630Z [store-api] info GET /client
2022-05-29T23:11:44.983Z [store-api] info GET /client
2022-05-29T23:11:46.371Z [store-api] info GET /client
2022-05-29T23:12:43.995Z [store-api] info GET /client
2022-05-29T23:13:02.634Z [store-api] info GET /client
2022-05-29T23:13:07.585Z [store-api] info GET /client
2022-05-29T23:13:48.274Z [store-api] info GET /client
2022-05-29T23:14:01.451Z [store-api] info GET /client
2022-05-29T23:14:08.643Z [store-api] info GET /client
2022-05-29T23:14:12.231Z [store-api] info GET /client
2022-05-29T23:15:01.566Z [store-api] info GET /client
2022-05-29T23:16:10.382Z [store-api] info GET /client
2022-05-29T23:17:08.306Z [store-api] info GET /client
2022-05-29T23:17:28.406Z [store-api] info DELETE /client
2022-05-29T23:17:36.234Z [store-api] info GET /client
2022-05-29T23:18:32.142Z [store-api] info DELETE /client
2022-05-29T23:19:01.373Z [store-api] error DELETE  - res.end is not a function
2022-05-29T23:20:05.401Z [store-api] error DELETE  - res.end is not a function
2022-05-29T23:22:30.102Z [store-api] info DELETE /client
2022-05-29T23:22:33.649Z [store-api] info GET /client
2022-05-30T00:04:55.649Z [store-api] info POST /client - {"name":"João","cpf":"23509918061","phone":"3198986655","email":"joao@gmail.com","address":"Rua X, n 100"}
2022-05-30T00:05:40.009Z [store-api] error PUT  - Client ID, Name, CPF, Phone, Email and Address are obligated
2022-05-30T00:05:56.705Z [store-api] error PUT  - Cannot read properties of undefined (reading '0')
2022-05-30T00:06:03.954Z [store-api] error PUT  - Cannot read properties of undefined (reading '0')
2022-05-30T00:07:14.144Z [store-api] info GET /client
2022-05-30T00:07:27.727Z [store-api] error PUT  - Cannot read properties of undefined (reading '0')
2022-05-30T00:07:32.209Z [store-api] info GET /client
2022-05-30T00:07:39.442Z [store-api] info GET /client
2022-05-30T00:08:08.913Z [store-api] info GET /client
2022-05-30T00:08:16.023Z [store-api] error PUT  - Cannot read properties of undefined (reading '0')
2022-05-30T00:08:21.915Z [store-api] info GET /client
2022-05-30T00:10:52.829Z [store-api] info POST /client - {"client_id":6,"name":"Pedro","cpf":"23509918061","phone":"3198986655","email":"joao@gmail.com","adress":"Rua X, n 100"}
2022-05-30T00:11:01.733Z [store-api] info GET /client
2022-05-30T00:11:23.462Z [store-api] error PUT  - Cannot read properties of undefined (reading '0')
2022-05-30T00:11:28.669Z [store-api] info GET /client
2022-05-30T14:34:09.336Z [store-api] error POST  - Name, CPF, Phone, Email and Address are obligated
2022-05-30T14:34:37.726Z [store-api] error POST  - column "cnpj" of relation "suppliers" does not exist
2022-05-30T14:34:50.304Z [store-api] error POST  - Name, CNPJ, Phone, Email and Address are obligated
2022-05-30T14:34:57.692Z [store-api] error POST  - column "cnpj" of relation "suppliers" does not exist
2022-05-30T14:35:32.963Z [store-api] error POST  - null value in column "cpf" of relation "suppliers" violates not-null constraint
2022-05-30T14:35:39.102Z [store-api] error POST  - Name, CNPJ, Phone, Email and Address are obligated
2022-05-30T14:36:07.009Z [store-api] info POST /supplier - {"supplier_id":2,"name":"Fornecedor 1","cpf":"23509918061","phone":"3198986655","email":"joao@gmail.com","adress":"Rua X, n 100"}
2022-05-30T14:36:11.244Z [store-api] info GET /client
2022-05-30T14:36:15.797Z [store-api] info GET /supplier
2022-05-30T14:36:23.106Z [store-api] info GET /client
2022-05-30T14:36:30.075Z [store-api] info GET /supplier
2022-05-30T14:36:38.829Z [store-api] info GET /supplier
2022-05-30T14:36:57.965Z [store-api] error PUT  - Supplier ID, Name, cpf, Phone, Email and Address are obligated
2022-05-30T14:37:40.536Z [store-api] error PUT  - Supplier ID, Name, cpf, Phone, Email and Address are obligated
2022-05-30T14:37:50.858Z [store-api] info GET /supplier
2022-05-30T14:38:23.875Z [store-api] error PUT  - Supplier ID, Name, cpf, Phone, Email and Address are obligated
2022-05-30T14:38:36.783Z [store-api] error PUT  - Cannot read properties of undefined (reading '0')
2022-05-30T14:38:53.114Z [store-api] info GET /supplier
2022-05-30T14:39:04.895Z [store-api] info DELETE /supplier
2022-05-30T14:39:11.163Z [store-api] info GET /supplier
2022-05-30T14:40:32.396Z [store-api] info POST /supplier - {"supplier_id":3,"name":"Fornecedor 1","cpf":"23509918061","phone":"3198986655","email":"joao@gmail.com","adress":"Rua X, n 100"}
2022-05-30T14:40:35.994Z [store-api] info GET /supplier
2022-05-30T14:53:05.421Z [store-api] error POST  - Name, cpf, Phone, Email and Address are obligated
2022-05-30T14:53:14.558Z [store-api] error POST  - insert or update on table "products" violates foreign key constraint "fk_suppliers"
2022-05-30T14:53:50.405Z [store-api] info GET /supplier
2022-05-30T14:55:24.005Z [store-api] info POST /product - {"product_id":2,"supplier_id":3,"name":"Notebook Acer","description":"Notebook Acer i7 32gb RAM","value":"5000","stock":100}
2022-05-30T14:59:16.264Z [store-api] error PUT  - Supplier ID, Name, cpf, Phone, Email and Address are obligated
2022-05-30T14:59:28.876Z [store-api] error PUT  - Cannot read properties of undefined (reading '0')
2022-05-30T14:59:37.289Z [store-api] info GET /product
2022-05-30T15:00:16.549Z [store-api] error PUT  - Cannot read properties of undefined (reading '0')
2022-05-30T15:00:20.391Z [store-api] info GET /product
2022-05-30T15:00:32.251Z [store-api] info GET /supplier
2022-05-30T15:00:36.500Z [store-api] info GET /product
2022-05-30T15:00:44.970Z [store-api] info POST /product - {"product_id":3,"supplier_id":3,"name":"Notebook Acer","description":"Notebook Acer i7 32gb RAM","value":"5000","stock":100}
2022-05-30T15:00:47.419Z [store-api] info GET /product
2022-05-30T15:00:54.327Z [store-api] info DELETE /product
2022-05-30T15:00:56.431Z [store-api] info GET /product
2022-05-30T17:11:26.438Z [store-api] error POST  - Cannot read properties of undefined (reading 'id')
2022-05-30T17:12:00.359Z [store-api] error POST  - Cannot read properties of undefined (reading 'id')
2022-05-30T17:13:14.347Z [store-api] error POST  - O supplier_id informado não existe.
2022-05-30T17:16:12.861Z [store-api] error PUT  - Cannot read properties of undefined (reading '0')
2022-05-30T17:17:25.387Z [store-api] error PUT  - O supplier_id informado não existe.
2022-05-30T19:52:34.845Z [store-api] error POST  - Unexpected token p in JSON at position 59
2022-05-30T19:52:49.636Z [store-api] error POST  - insert or update on table "sales" violates foreign key constraint "fk_clients"
2022-05-30T19:53:15.580Z [store-api] info GET /client
2022-05-30T19:53:33.990Z [store-api] info GET /product
2022-05-30T19:53:43.143Z [store-api] info POST /sale - {"sale_id":2,"client_id":2,"product_id":2,"value":"3500","date":"2000-01-01T02:00:00.000Z"}
2022-05-30T19:54:40.766Z [store-api] error PUT  - Supplier ID, Name, cpf, Phone, Email and Address are obligated
2022-05-30T19:54:47.423Z [store-api] error PUT  - Cannot read properties of undefined (reading '0')
2022-05-30T19:54:55.389Z [store-api] info GET /sale
2022-05-30T19:55:05.051Z [store-api] info POST /sale - {"sale_id":3,"client_id":2,"product_id":2,"value":"3500","date":"2000-01-01T02:00:00.000Z"}
2022-05-30T19:55:08.042Z [store-api] info GET /sale
2022-05-30T19:55:12.153Z [store-api] info DELETE /client
2022-05-30T19:55:14.208Z [store-api] info GET /sale
2022-05-30T19:55:18.054Z [store-api] info GET /sale
2022-05-30T19:55:24.842Z [store-api] info DELETE /sale
2022-05-30T19:55:26.743Z [store-api] info GET /sale
2022-05-30T19:59:22.946Z [store-api] error POST  - O client_id ou product_id informado não existe
2022-05-30T19:59:32.008Z [store-api] error POST  - O client_id ou product_id informado não existe
2022-05-30T20:06:43.614Z [store-api] error PUT  - Value, Date, client_id, and product_id are obligated
2022-05-30T20:06:52.010Z [store-api] info GET /sale
2022-05-30T20:07:02.902Z [store-api] error PUT  - O client_id ou product_id informado não existe
2022-05-30T20:07:11.107Z [store-api] error PUT  - O client_id ou product_id informado não existe
2022-05-30T20:07:22.013Z [store-api] info GET /sale
2022-05-30T20:07:31.412Z [store-api] info GET /sale
2022-05-30T20:08:25.997Z [store-api] error PUT  - O client_id ou product_id informado não existe
2022-05-30T20:08:38.260Z [store-api] info GET /product
2022-05-30T20:08:46.770Z [store-api] info GET /client
2022-05-30T20:09:02.213Z [store-api] info GET /sale
2022-05-30T20:09:10.338Z [store-api] error PUT  - O client_id ou product_id informado não existe
2022-05-30T20:10:24.279Z [store-api] error PUT  - O client_id ou product_id informado não existe
2022-05-30T20:10:29.850Z [store-api] info GET /sale
2022-05-30T20:10:42.130Z [store-api] error PUT  - O client_id ou product_id informado não existe
2022-05-30T20:11:04.966Z [store-api] error PUT  - Cannot read properties of undefined (reading '0')
2022-05-30T20:11:11.218Z [store-api] info GET /sale
2022-05-30T20:18:58.738Z [store-api] info GET /product
2022-05-30T20:19:55.430Z [store-api] error POST  - Cannot access 'sale' before initialization
2022-05-30T20:20:27.260Z [store-api] error POST  - Cannot read properties of undefined (reading '0')
2022-05-30T20:20:46.892Z [store-api] info GET /sale
2022-05-30T20:21:44.518Z [store-api] info GET /sale
2022-05-30T20:22:12.449Z [store-api] error POST  - Cannot read properties of undefined (reading '0')
2022-05-30T20:22:14.461Z [store-api] info GET /sale
2022-05-30T20:23:02.520Z [store-api] info POST /client - {"client_id":7,"name":"Gabriel","cpf":"23509918061","phone":"3198986655","email":"joao@gmail.com","adress":"Rua X, n 100"}
2022-05-30T20:24:37.122Z [store-api] info GET /sale
2022-05-30T20:24:58.540Z [store-api] info GET /product
2022-05-30T20:25:40.421Z [store-api] info GET /supplier
2022-05-30T20:25:55.227Z [store-api] info POST /product - {"product_id":4,"supplier_id":3,"name":"Mouse Dell","description":"Mouse Dell Bluetooth","value":"50","stock":2}
2022-05-30T20:26:07.875Z [store-api] info GET /product
2022-05-30T20:26:37.683Z [store-api] error POST  - Cannot read properties of undefined (reading '0')
2022-05-30T20:26:41.691Z [store-api] info GET /sale
2022-05-30T20:26:54.432Z [store-api] info GET /product
2022-05-30T20:27:07.005Z [store-api] error POST  - Cannot read properties of undefined (reading '0')
2022-05-30T20:27:08.286Z [store-api] info GET /sale
2022-05-30T20:27:16.882Z [store-api] info GET /product
2022-05-30T20:27:22.683Z [store-api] error POST  - Produto informado não possui estoque.
2022-05-30T20:38:12.102Z [store-api] error DELETE  - O id da sale informado não existe
2022-05-30T20:38:17.207Z [store-api] info GET /sale
2022-05-30T20:40:14.910Z [store-api] info GET /sale
2022-05-30T20:40:28.165Z [store-api] error DELETE  - Cannot read properties of undefined (reading '0')
2022-05-30T20:40:32.548Z [store-api] info GET /sale
2022-05-30T20:40:38.814Z [store-api] info GET /product
2022-05-30T20:54:25.250Z [store-api] info GET /sale
2022-05-30T20:54:37.643Z [store-api] info GET /sale
2022-05-30T20:54:44.995Z [store-api] info GET /sale
2022-06-05T18:54:17.982Z [store-api] error GET  - column "address" does not exist
2022-06-05T18:54:37.221Z [store-api] info GET /client
2022-06-05T18:55:46.543Z [store-api] error PUT  - WHERE parameter "client_id" has invalid "undefined" value
2022-06-05T18:56:00.181Z [store-api] error PUT  - Client ID, Name, CPF, Phone, Email and Address are obligated
2022-06-05T18:56:34.492Z [store-api] info PUT /client - {"clientId":6,"name":"Pedrão 2","cpf":"23509918061","email":"joao@gmail.com","adress":"Rua X, n 100"}
2022-06-05T18:56:39.911Z [store-api] info GET /client
2022-06-06T14:27:19.716Z [store-api] error GET  - connect is not defined
2022-06-06T14:28:13.172Z [store-api] error GET  - column "cnpj" does not exist
2022-06-06T14:28:36.874Z [store-api] error GET  - column "address" does not exist
2022-06-06T14:28:43.578Z [store-api] info GET /supplier
2022-06-06T14:28:54.743Z [store-api] error POST  - notNull Violation: supplier.adress cannot be null
2022-06-06T14:29:07.501Z [store-api] error POST  - Name, cpf, Phone, Email and Address are obligated
2022-06-06T14:29:14.622Z [store-api] error POST  - notNull Violation: supplier.adress cannot be null
2022-06-06T14:29:25.081Z [store-api] error POST  - notNull Violation: supplier.adress cannot be null
2022-06-06T14:29:29.566Z [store-api] error POST  - column "address" of relation "suppliers" does not exist
2022-06-06T14:29:58.984Z [store-api] error POST  - Name, cpf, Phone, Email and Address are obligated
2022-06-06T14:30:25.957Z [store-api] error POST  - notNull Violation: supplier.address cannot be null
2022-06-06T14:30:40.845Z [store-api] error POST  - Name, cpf, Phone, Email and Address are obligated
2022-06-06T14:30:56.510Z [store-api] error POST  - Name, cpf, Phone, Email and Address are obligated
2022-06-06T14:31:20.275Z [store-api] error POST  - notNull Violation: supplier.address cannot be null
2022-06-06T14:31:23.269Z [store-api] error POST  - Name, cpf, Phone, Email and Address are obligated
2022-06-06T14:31:29.487Z [store-api] error POST  - column "address" of relation "suppliers" does not exist
2022-06-06T14:31:54.382Z [store-api] error POST  - notNull Violation: supplier.address cannot be null
2022-06-06T14:32:02.420Z [store-api] error POST  - null value in column "phone" of relation "suppliers" violates not-null constraint
2022-06-06T14:32:52.678Z [store-api] info POST /supplier - {"supplierId":5,"name":"Fornecedor 2","cpf":"23509918061","phone":"3198986655","email":"joao@gmail.com","adress":"Rua Y, n 100"}
2022-06-06T14:32:55.830Z [store-api] info GET /supplier
2022-06-06T14:34:16.638Z [store-api] error PUT  - Supplier ID, Name, cpf, Phone, Email and Address are obligated
2022-06-06T14:34:35.011Z [store-api] info PUT /supplier - {"supplierId":3,"name":"Fornecedor 1","cpf":"23509918061","email":"pedro@gmail.com","phone":"3198986655","adress":"Rua X, n 100"}
2022-06-06T14:34:38.716Z [store-api] info GET /supplier
2022-06-06T14:37:12.384Z [store-api] info GET /product
2022-06-06T14:40:37.368Z [store-api] error POST  - O supplier_id informado não existe.
2022-06-06T14:41:25.398Z [store-api] info POST /product - {"productId":5,"name":"Mouse Kabum","description":"Mouse Kabum Bluetooth","value":"100","stock":5,"supplierId":3}
2022-06-06T14:41:29.056Z [store-api] info GET /product
2022-06-06T14:46:53.671Z [store-api] error POST  - Value, Date, client_id, and product_id are obligated
2022-06-06T14:47:15.865Z [store-api] error POST  - Value, Date, client_id, and product_id are obligated
2022-06-06T14:47:39.903Z [store-api] error POST  - Value, Date, client_id, and product_id are obligated
2022-06-06T14:47:53.475Z [store-api] error POST  - connect is not defined
2022-06-06T14:49:23.777Z [store-api] error POST  - connect is not defined
2022-06-06T14:49:36.471Z [store-api] info POST /sale - {"saleId":8,"value":"50","date":"2000-01-01","clientId":2,"productId":4}
2022-06-06T14:51:24.227Z [store-api] info GET /sale
2022-06-06T14:51:30.248Z [store-api] info GET /sale
2022-06-06T14:52:41.686Z [store-api] error GET  - Product is not defined
2022-06-06T14:53:03.241Z [store-api] info GET /sale
2022-06-06T14:55:21.523Z [store-api] info GET /sale
2022-06-06T14:56:17.774Z [store-api] info GET /sale
2022-06-06T14:56:28.562Z [store-api] info GET /sale
2022-06-06T14:57:38.563Z [store-api] info GET /sale
2022-06-06T14:58:21.385Z [store-api] info GET /sale
2022-06-06T14:59:46.017Z [store-api] info GET /sale
2022-06-06T15:01:04.776Z [store-api] info GET /sale
2022-06-06T15:02:58.553Z [store-api] info DELETE /sale
2022-06-06T15:03:02.266Z [store-api] info GET /sale
2022-06-06T15:08:43.578Z [store-api] error PUT  - O client_id ou product_id informado não existe
2022-06-06T15:08:52.302Z [store-api] info GET /client
2022-06-06T15:09:00.261Z [store-api] info PUT /sale - null
2022-06-06T15:09:23.406Z [store-api] info PUT /sale - null
2022-06-06T15:09:26.450Z [store-api] info GET /sale
2022-06-06T15:09:46.498Z [store-api] info PUT /sale - {"saleId":4,"value":"7000","date":"2000-01-01","clientId":5,"productId":2}
2022-06-06T15:10:26.807Z [store-api] error DELETE  - Não é possível excluir o produto pois ele tem vendas
2022-06-06T15:10:45.102Z [store-api] info POST /product - {"productId":6,"name":"Mouse Kabum","description":"Mouse Kabum Bluetooth","value":"100","stock":5,"supplierId":3}
2022-06-06T15:10:49.432Z [store-api] error DELETE  - Não é possível excluir o produto pois ele tem vendas
2022-06-06T15:11:40.668Z [store-api] info DELETE /product
2022-06-06T15:11:44.627Z [store-api] info GET /product
2022-06-06T15:11:57.941Z [store-api] error DELETE  - Não é possível excluir o produto pois ele tem vendas
2022-06-06T15:14:39.782Z [store-api] info GET /sale
2022-06-06T15:21:12.473Z [store-api] info GET /sale
2022-06-06T15:21:28.109Z [store-api] info GET /sale
2022-06-06T15:21:42.238Z [store-api] info GET /sale
2022-06-06T15:21:57.078Z [store-api] info GET /supplier
2022-06-06T15:22:23.277Z [store-api] info POST /product - {"productId":7,"name":"Mouse LG","description":"Mouse LG Bluetooth","value":"100","stock":5,"supplierId":5}
2022-06-06T15:22:32.983Z [store-api] info GET /product
2022-06-06T15:23:00.822Z [store-api] info POST /sale - {"saleId":9,"value":"50","date":"2000-01-01","clientId":2,"productId":7}
2022-06-06T15:23:08.098Z [store-api] info GET /sale
2022-06-06T15:23:40.101Z [store-api] info GET /sale
2022-06-06T23:18:17.658Z [store-api] error POST  - O supplier_id informado não existe.
2022-06-06T23:20:49.615Z [store-api] error POST  - O supplier_id informado não existe.
2022-06-06T23:21:09.986Z [store-api] error POST  - O supplier_id informado não existe.
2022-06-06T23:21:16.187Z [store-api] info GET /product
2022-06-06T23:21:22.136Z [store-api] error POST  - O supplier_id informado não existe.
2022-06-06T23:22:43.227Z [store-api] error POST  - O supplier_id informado não existe.
2022-06-06T23:24:19.160Z [store-api] error POST  - O supplier_id informado não existe.
2022-06-06T23:24:37.350Z [store-api] error POST  - O supplier_id informado não existe.
2022-06-06T23:26:47.185Z [store-api] error POST  - O supplier_id informado não existe.
2022-06-06T23:27:08.890Z [store-api] info GET /product
2022-06-06T23:27:14.900Z [store-api] info GET /product
2022-06-06T23:27:22.812Z [store-api] error POST  - O supplier_id informado não existe.
2022-06-06T23:29:15.468Z [store-api] error POST  - O supplier_id informado não existe.
2022-06-06T23:29:29.304Z [store-api] info POST /product/info - {"productId":2,"category":"Mouse","width":"15cm","height":"20cm","depth":"5cm","reviews":[],"_id":"629e8dd920c7e00d480a473d"}
2022-06-06T23:36:36.123Z [store-api] info POST /product/info - {"productId":2,"category":"Mouse","width":"15cm","height":"20cm","depth":"5cm","reviews":[],"_id":"629e8f8420c7e00d480a473e"}
2022-06-07T00:05:42.315Z [store-api] info POST /product/info - {"productId":2,"category":"Mouse","width":"20cm","height":"20cm","depth":"5cm","reviews":[]}
2022-06-07T00:29:55.765Z [store-api] info GET /product
2022-06-07T00:29:59.127Z [store-api] info GET /product
2022-06-07T00:30:32.308Z [store-api] info GET /product
2022-06-07T00:44:54.852Z [store-api] error POST  - client is not defined
2022-06-07T00:57:11.561Z [store-api] error DELETE  - Cannot read properties of null (reading 'reviews')
2022-06-07T00:57:23.628Z [store-api] info GET /product
2022-06-07T00:58:56.868Z [store-api] info GET /product
2022-06-07T01:11:00.284Z [store-api] error GET  - invalid input syntax for type integer: "info"
2022-06-07T01:11:22.272Z [store-api] info GET /product/info
2022-06-07T01:11:46.995Z [store-api] info GET /product/info
2022-06-07T01:16:30.086Z [store-api] info GET /product
2022-06-07T01:16:49.141Z [store-api] info POST /product/info - {"productId":4,"category":"Mouse","width":"15cm","height":"20cm","depth":"5cm","reviews":[],"_id":"629ea701e709d4327812626a"}
2022-06-07T01:18:15.883Z [store-api] info DELETE /product/info
2022-06-07T01:18:57.006Z [store-api] info DELETE /product/info
2022-06-07T01:40:53.232Z [store-api] info POST /product/info - {"productId":4,"category":"Mouse","width":"15cm","height":"20cm","depth":"5cm","reviews":[]}
2022-06-07T01:41:27.077Z [store-api] info POST /product/info - {"productId":7,"category":"Mouse LG","width":"15cm","height":"20cm","depth":"5cm","reviews":[]}
2022-06-07T01:41:42.823Z [store-api] info GET /product/info
2022-06-07T01:43:47.742Z [store-api] info GET /product/info
2022-06-07T01:43:59.024Z [store-api] info GET /product
2022-06-07T01:48:00.520Z [store-api] info GET /product/info
2022-06-07T01:48:13.554Z [store-api] info POST /product/info - {"productId":7,"category":"Mouse LG sem fio","width":"20cm","height":"20cm","depth":"5cm","reviews":[]}
2022-06-07T01:48:16.843Z [store-api] info GET /product/info
2022-06-07T01:48:57.394Z [store-api] info DELETE /product/info
2022-06-07T01:49:32.800Z [store-api] error POST  - Cannot read properties of null (reading 'reviews')
2022-06-07T01:49:46.505Z [store-api] info POST /product//review
2022-06-07T01:50:14.386Z [store-api] error DELETE  - Cannot read properties of null (reading 'reviews')
2022-06-07T01:50:20.026Z [store-api] error DELETE  - Cannot read properties of null (reading 'reviews')
2022-06-07T01:50:29.426Z [store-api] info DELETE /product/4/review/0
2022-06-07T01:51:12.589Z [store-api] info GET /product/info
2022-06-07T01:51:21.484Z [store-api] info GET /product
2022-06-07T01:51:26.041Z [store-api] info GET /product
